<?xml version="1.0" encoding="UTF-8" ?>
<testsuite errors="0" failures="3" hostname="jiakuideMacBook-Air.local" name="com.nq.auto.test.TestAutoMain" skipped="0" tests="12" time="0.106" timestamp="2015-05-13T08:26:06">
  <properties>
    <property name="java.vendor" value="Apple Inc." />
    <property name="lib.dir" value="/Users/admin/Documents/workspace/UIAuto/libs" />
    <property name="libs" value="/Users/admin/Documents/workspace/UIAuto/libs" />
    <property name="sun.java.launcher" value="SUN_STANDARD" />
    <property name="sun.management.compiler" value="HotSpot 64-Bit Tiered Compilers" />
    <property name="os.name" value="Mac OS X" />
    <property name="sun.boot.class.path" value="/System/Library/Java/JavaVirtualMachines/1.6.0.jdk/Contents/Classes/jsfd.jar:/System/Library/Java/JavaVirtualMachines/1.6.0.jdk/Contents/Classes/classes.jar:/System/Library/Frameworks/JavaVM.framework/Frameworks/JavaRuntimeSupport.framework/Resources/Java/JavaRuntimeSupport.jar:/System/Library/Java/JavaVirtualMachines/1.6.0.jdk/Contents/Classes/ui.jar:/System/Library/Java/JavaVirtualMachines/1.6.0.jdk/Contents/Classes/laf.jar:/System/Library/Java/JavaVirtualMachines/1.6.0.jdk/Contents/Classes/sunrsasign.jar:/System/Library/Java/JavaVirtualMachines/1.6.0.jdk/Contents/Classes/jsse.jar:/System/Library/Java/JavaVirtualMachines/1.6.0.jdk/Contents/Classes/jce.jar:/System/Library/Java/JavaVirtualMachines/1.6.0.jdk/Contents/Classes/charsets.jar" />
    <property name="java.vm.specification.vendor" value="Sun Microsystems Inc." />
    <property name="ant.home" value="/System/Library/apache-ant-1.9.4" />
    <property name="java.runtime.version" value="1.6.0_65-b14-466.1-11M4716" />
    <property name="user.name" value="admin" />
    <property name="dest" value="classes" />
    <property name="output" value="/Users/admin/Documents/workspace/UIAuto/output" />
    <property name="awt.nativeDoubleBuffering" value="true" />
    <property name="ant.file.type.Create Runnable Jar for Project UIAuto" value="file" />
    <property name="user.language" value="zh" />
    <property name="sun.boot.library.path" value="/System/Library/Java/JavaVirtualMachines/1.6.0.jdk/Contents/Libraries" />
    <property name="ant.project.default-target" value="create_run_jar" />
    <property name="ant.project.name" value="Create Runnable Jar for Project UIAuto" />
    <property name="java.version" value="1.6.0_65" />
    <property name="user.timezone" value="" />
    <property name="bin" value="/Users/admin/Documents/workspace/UIAuto/bin" />
    <property name="sun.arch.data.model" value="64" />
    <property name="http.nonProxyHosts" value="local|*.local|169.254/16|*.169.254/16" />
    <property name="java.endorsed.dirs" value="/System/Library/Java/JavaVirtualMachines/1.6.0.jdk/Contents/Home/lib/endorsed" />
    <property name="sun.cpu.isalist" value="" />
    <property name="sun.jnu.encoding" value="EUC_CN" />
    <property name="file.encoding.pkg" value="sun.io" />
    <property name="file.separator" value="/" />
    <property name="java.specification.name" value="Java Platform API Specification" />
    <property name="java.class.version" value="50.0" />
    <property name="src" value="/Users/admin/Documents/workspace/UIAuto/src" />
    <property name="user.country" value="CN" />
    <property name="java.home" value="/System/Library/Java/JavaVirtualMachines/1.6.0.jdk/Contents/Home" />
    <property name="java.vm.info" value="mixed mode" />
    <property name="ant.file" value="/Users/admin/Documents/workspace/UIAuto/build.xml" />
    <property name="os.version" value="10.9.5" />
    <property name="res" value="/Users/admin/Documents/workspace/UIAuto/res" />
    <property name="path.separator" value=":" />
    <property name="java.vm.version" value="20.65-b04-466.1" />
    <property name="ant.library.dir" value="/System/Library/apache-ant-1.9.4/lib" />
    <property name="output.dir" value="/Users/admin/Documents/workspace/UIAuto/report" />
    <property name="java.awt.printerjob" value="apple.awt.CPrinterJob" />
    <property name="sun.io.unicode.encoding" value="UnicodeLittle" />
    <property name="awt.toolkit" value="apple.awt.CToolkit" />
    <property name="socksNonProxyHosts" value="local|*.local|169.254/16|*.169.254/16" />
    <property name="ftp.nonProxyHosts" value="local|*.local|169.254/16|*.169.254/16" />
    <property name="user.home" value="/Users/admin" />
    <property name="java.specification.vendor" value="Sun Microsystems Inc." />
    <property name="test" value="test" />
    <property name="xml.dir" value="/Users/admin/Documents/workspace/UIAuto/report/xml" />
    <property name="java.library.path" value=".:/Library/Java/Extensions:/System/Library/Java/Extensions:/usr/lib/java" />
    <property name="java.vendor.url" value="http://www.apple.com/" />
    <property name="java.vm.vendor" value="Apple Inc." />
    <property name="gopherProxySet" value="false" />
    <property name="java.runtime.name" value="Java(TM) SE Runtime Environment" />
    <property name="sun.java.command" value="org.apache.tools.ant.taskdefs.optional.junit.JUnitTestRunner com.nq.auto.test.TestAutoMain skipNonTests=false filtertrace=true haltOnError=false haltOnFailure=false formatter=org.apache.tools.ant.taskdefs.optional.junit.SummaryJUnitResultFormatter showoutput=true outputtoformatters=true logfailedtests=true threadid=0 logtestlistenerevents=false formatter=org.apache.tools.ant.taskdefs.optional.junit.PlainJUnitResultFormatter,/Users/admin/Documents/workspace/UIAuto/report/xml/TEST-com.nq.auto.test.TestAutoMain.txt formatter=org.apache.tools.ant.taskdefs.optional.junit.XMLJUnitResultFormatter,/Users/admin/Documents/workspace/UIAuto/report/xml/TEST-com.nq.auto.test.TestAutoMain.xml crashfile=/Users/admin/Documents/workspace/UIAuto/junitvmwatcher2278383627832592151.properties propsfile=/Users/admin/Documents/workspace/UIAuto/junit2494792512254692463.properties" />
    <property name="java.class.path" value="/Users/admin/Documents/workspace/UIAuto/libs/AXMLPrinter2.jar:/Users/admin/Documents/workspace/UIAuto/libs/ddmlib.jar:/Users/admin/Documents/workspace/UIAuto/libs/dom4j-1.6.1.jar:/Users/admin/Documents/workspace/UIAuto/libs/junit.jar:/Users/admin/Documents/workspace/UIAuto/libs/xmlpull_1_0_5.jar:/Users/admin/Documents/workspace/UIAuto/classes:/System/Library/apache-ant-1.9.4/lib/ant-launcher.jar:/System/Library/apache-ant-1.9.4/lib/ant.jar:/System/Library/apache-ant-1.9.4/lib/ant-junit.jar:/System/Library/apache-ant-1.9.4/lib/ant-junit4.jar" />
    <property name="ant.version" value="Apache Ant(TM) version 1.9.4 compiled on April 29 2014" />
    <property name="java.vm.specification.name" value="Java Virtual Machine Specification" />
    <property name="java.vm.specification.version" value="1.0" />
    <property name="sun.cpu.endian" value="little" />
    <property name="sun.os.patch.level" value="unknown" />
    <property name="java.io.tmpdir" value="/var/folders/0l/8fqrf9y51hl76l6x2t92c2_m0000gn/T/" />
    <property name="java.vendor.url.bug" value="http://bugreport.apple.com/" />
    <property name="ant.file.Create Runnable Jar for Project UIAuto" value="/Users/admin/Documents/workspace/UIAuto/build.xml" />
    <property name="mrj.build" value="11M4716" />
    <property name="os.arch" value="x86_64" />
    <property name="java.awt.graphicsenv" value="apple.awt.CGraphicsEnvironment" />
    <property name="java.ext.dirs" value="/Library/Java/Extensions:/System/Library/Java/Extensions:/System/Library/Java/JavaVirtualMachines/1.6.0.jdk/Contents/Home/lib/ext" />
    <property name="user.dir" value="/Users/admin/Documents/workspace/UIAuto" />
    <property name="mrj.version" value="1070.1.6.0_65-466.1" />
    <property name="line.separator" value="&#xa;" />
    <property name="java.vm.name" value="Java HotSpot(TM) 64-Bit Server VM" />
    <property name="basedir" value="/Users/admin/Documents/workspace/UIAuto" />
    <property name="ant.java.version" value="1.6" />
    <property name="ant.core.lib" value="/System/Library/apache-ant-1.9.4/lib/ant.jar" />
    <property name="file.encoding" value="EUC_CN" />
    <property name="html.dir" value="/Users/admin/Documents/workspace/UIAuto/report/html" />
    <property name="java.specification.version" value="1.6" />
    <property name="ant.project.invoked-targets" value="test" />
  </properties>
  <testcase classname="com.nq.auto.test.TestAutoMain" name="testAutoMain" time="0.0010" />
  <testcase classname="com.nq.auto.test.TestAutoMain" name="testShowDevices" time="0.0050">
    <failure message="Not yet implemented" type="junit.framework.AssertionFailedError">junit.framework.AssertionFailedError: Not yet implemented
	at com.nq.auto.test.TestAutoMain.testShowDevices(TestAutoMain.java:49)
</failure>
  </testcase>
  <testcase classname="com.nq.auto.test.TestAutoMain" name="testTimeStyle" time="0.0" />
  <testcase classname="com.nq.auto.test.TestAutoMain" name="testInsertString" time="0.0" />
  <testcase classname="com.nq.auto.test.TestAutoMain" name="testGetUiHierarchyFile" time="0.0010">
    <failure message="Not yet implemented" type="junit.framework.AssertionFailedError">junit.framework.AssertionFailedError: Not yet implemented
	at com.nq.auto.test.TestAutoMain.testGetUiHierarchyFile(TestAutoMain.java:79)
</failure>
  </testcase>
  <testcase classname="com.nq.auto.test.TestAutoMain" name="testMain" time="0.0010">
    <failure message="Not yet implemented" type="junit.framework.AssertionFailedError">junit.framework.AssertionFailedError: Not yet implemented
	at com.nq.auto.test.TestAutoMain.testMain(TestAutoMain.java:83)
</failure>
  </testcase>
  <testcase classname="com.nq.auto.test.TestAutoMain" name="testGetAPKManger" time="0.029" />
  <testcase classname="com.nq.auto.test.TestAutoMain" name="testGetAllNodes" time="0.014" />
  <testcase classname="com.nq.auto.test.TestAutoMain" name="testGetAllXmlNodes" time="0.0030" />
  <testcase classname="com.nq.auto.test.TestAutoMain" name="testGetCurrentActivityName" time="0.0" />
  <testcase classname="com.nq.auto.test.TestAutoMain" name="testGetCurrentPackAgeName" time="0.0010" />
  <testcase classname="com.nq.auto.test.TestAutoMain" name="testGetFilePath" time="0.0" />
  <system-out><![CDATA[{4190aa88 u0 com.netqin.aotkiller/.activity.MoreActivity}
u0 com.netqin.aotkiller/.activity.MoreActivity}
com.netqin.aotkiller
Total time:49 min 58 second
/Users/admin/Downloads/tap.py 200 400
/Users/admin/Downloads/tap.py -d desdfdsfdsfsf 200 400
nodeList1和nodeList2节点一样多


不同点有：NaN
com.android.launcher2.Launcher
com.android.launcher
/Users/admin/Downloads
]]></system-out>
  <system-err><![CDATA[java.io.FileNotFoundException: /Users/admin/Downloads/MobileBooster30-Android-trunk_r2076-release-b271.apk (No such file or directory)
	at java.io.FileInputStream.open(Native Method)
	at java.io.FileInputStream.<init>(FileInputStream.java:120)
	at java.io.FileInputStream.<init>(FileInputStream.java:79)
	at com.nq.auto.APKManger.stripSigning(APKManger.java:98)
	at com.nq.auto.test.TestAutoMain.testGetAPKManger(TestAutoMain.java:90)
	at sun.reflect.NativeMethodAccessorImpl.invoke0(Native Method)
	at sun.reflect.NativeMethodAccessorImpl.invoke(NativeMethodAccessorImpl.java:39)
	at sun.reflect.DelegatingMethodAccessorImpl.invoke(DelegatingMethodAccessorImpl.java:25)
	at java.lang.reflect.Method.invoke(Method.java:597)
	at junit.framework.TestCase.runTest(TestCase.java:168)
	at junit.framework.TestCase.runBare(TestCase.java:134)
	at junit.framework.TestResult$1.protect(TestResult.java:110)
	at junit.framework.TestResult.runProtected(TestResult.java:128)
	at junit.framework.TestResult.run(TestResult.java:113)
	at junit.framework.TestCase.run(TestCase.java:124)
	at junit.framework.TestSuite.runTest(TestSuite.java:232)
	at junit.framework.TestSuite.run(TestSuite.java:227)
	at org.apache.tools.ant.taskdefs.optional.junit.JUnitTestRunner.run(JUnitTestRunner.java:532)
	at org.apache.tools.ant.taskdefs.optional.junit.JUnitTestRunner.launch(JUnitTestRunner.java:1179)
	at org.apache.tools.ant.taskdefs.optional.junit.JUnitTestRunner.main(JUnitTestRunner.java:1030)
org.dom4j.DocumentException: src/dump_3286992284390031491.xml (No such file or directory) Nested exception: src/dump_3286992284390031491.xml (No such file or directory)
	at org.dom4j.io.SAXReader.read(SAXReader.java:266)
	at com.nq.auto.AutoMain.getAllLeafNode(AutoMain.java:757)
	at com.nq.auto.test.TestAutoMain.testGetAllNodes(TestAutoMain.java:108)
	at sun.reflect.NativeMethodAccessorImpl.invoke0(Native Method)
	at sun.reflect.NativeMethodAccessorImpl.invoke(NativeMethodAccessorImpl.java:39)
	at sun.reflect.DelegatingMethodAccessorImpl.invoke(DelegatingMethodAccessorImpl.java:25)
	at java.lang.reflect.Method.invoke(Method.java:597)
	at junit.framework.TestCase.runTest(TestCase.java:168)
	at junit.framework.TestCase.runBare(TestCase.java:134)
	at junit.framework.TestResult$1.protect(TestResult.java:110)
	at junit.framework.TestResult.runProtected(TestResult.java:128)
	at junit.framework.TestResult.run(TestResult.java:113)
	at junit.framework.TestCase.run(TestCase.java:124)
	at junit.framework.TestSuite.runTest(TestSuite.java:232)
	at junit.framework.TestSuite.run(TestSuite.java:227)
	at org.apache.tools.ant.taskdefs.optional.junit.JUnitTestRunner.run(JUnitTestRunner.java:532)
	at org.apache.tools.ant.taskdefs.optional.junit.JUnitTestRunner.launch(JUnitTestRunner.java:1179)
	at org.apache.tools.ant.taskdefs.optional.junit.JUnitTestRunner.main(JUnitTestRunner.java:1030)
Nested exception: 
java.io.FileNotFoundException: src/dump_3286992284390031491.xml (No such file or directory)
	at java.io.FileInputStream.open(Native Method)
	at java.io.FileInputStream.<init>(FileInputStream.java:120)
	at org.dom4j.io.SAXReader.read(SAXReader.java:243)
	at com.nq.auto.AutoMain.getAllLeafNode(AutoMain.java:757)
	at com.nq.auto.test.TestAutoMain.testGetAllNodes(TestAutoMain.java:108)
	at sun.reflect.NativeMethodAccessorImpl.invoke0(Native Method)
	at sun.reflect.NativeMethodAccessorImpl.invoke(NativeMethodAccessorImpl.java:39)
	at sun.reflect.DelegatingMethodAccessorImpl.invoke(DelegatingMethodAccessorImpl.java:25)
	at java.lang.reflect.Method.invoke(Method.java:597)
	at junit.framework.TestCase.runTest(TestCase.java:168)
	at junit.framework.TestCase.runBare(TestCase.java:134)
	at junit.framework.TestResult$1.protect(TestResult.java:110)
	at junit.framework.TestResult.runProtected(TestResult.java:128)
	at junit.framework.TestResult.run(TestResult.java:113)
	at junit.framework.TestCase.run(TestCase.java:124)
	at junit.framework.TestSuite.runTest(TestSuite.java:232)
	at junit.framework.TestSuite.run(TestSuite.java:227)
	at org.apache.tools.ant.taskdefs.optional.junit.JUnitTestRunner.run(JUnitTestRunner.java:532)
	at org.apache.tools.ant.taskdefs.optional.junit.JUnitTestRunner.launch(JUnitTestRunner.java:1179)
	at org.apache.tools.ant.taskdefs.optional.junit.JUnitTestRunner.main(JUnitTestRunner.java:1030)
Nested exception: java.io.FileNotFoundException: src/dump_3286992284390031491.xml (No such file or directory)
	at java.io.FileInputStream.open(Native Method)
	at java.io.FileInputStream.<init>(FileInputStream.java:120)
	at org.dom4j.io.SAXReader.read(SAXReader.java:243)
	at com.nq.auto.AutoMain.getAllLeafNode(AutoMain.java:757)
	at com.nq.auto.test.TestAutoMain.testGetAllNodes(TestAutoMain.java:108)
	at sun.reflect.NativeMethodAccessorImpl.invoke0(Native Method)
	at sun.reflect.NativeMethodAccessorImpl.invoke(NativeMethodAccessorImpl.java:39)
	at sun.reflect.DelegatingMethodAccessorImpl.invoke(DelegatingMethodAccessorImpl.java:25)
	at java.lang.reflect.Method.invoke(Method.java:597)
	at junit.framework.TestCase.runTest(TestCase.java:168)
	at junit.framework.TestCase.runBare(TestCase.java:134)
	at junit.framework.TestResult$1.protect(TestResult.java:110)
	at junit.framework.TestResult.runProtected(TestResult.java:128)
	at junit.framework.TestResult.run(TestResult.java:113)
	at junit.framework.TestCase.run(TestCase.java:124)
	at junit.framework.TestSuite.runTest(TestSuite.java:232)
	at junit.framework.TestSuite.run(TestSuite.java:227)
	at org.apache.tools.ant.taskdefs.optional.junit.JUnitTestRunner.run(JUnitTestRunner.java:532)
	at org.apache.tools.ant.taskdefs.optional.junit.JUnitTestRunner.launch(JUnitTestRunner.java:1179)
	at org.apache.tools.ant.taskdefs.optional.junit.JUnitTestRunner.main(JUnitTestRunner.java:1030)
org.dom4j.DocumentException: src/dump_7707164985894485124.xml (No such file or directory) Nested exception: src/dump_7707164985894485124.xml (No such file or directory)
	at org.dom4j.io.SAXReader.read(SAXReader.java:266)
	at com.nq.auto.AutoMain.getAllLeafNode(AutoMain.java:757)
	at com.nq.auto.test.TestAutoMain.testGetAllNodes(TestAutoMain.java:109)
	at sun.reflect.NativeMethodAccessorImpl.invoke0(Native Method)
	at sun.reflect.NativeMethodAccessorImpl.invoke(NativeMethodAccessorImpl.java:39)
	at sun.reflect.DelegatingMethodAccessorImpl.invoke(DelegatingMethodAccessorImpl.java:25)
	at java.lang.reflect.Method.invoke(Method.java:597)
	at junit.framework.TestCase.runTest(TestCase.java:168)
	at junit.framework.TestCase.runBare(TestCase.java:134)
	at junit.framework.TestResult$1.protect(TestResult.java:110)
	at junit.framework.TestResult.runProtected(TestResult.java:128)
	at junit.framework.TestResult.run(TestResult.java:113)
	at junit.framework.TestCase.run(TestCase.java:124)
	at junit.framework.TestSuite.runTest(TestSuite.java:232)
	at junit.framework.TestSuite.run(TestSuite.java:227)
	at org.apache.tools.ant.taskdefs.optional.junit.JUnitTestRunner.run(JUnitTestRunner.java:532)
	at org.apache.tools.ant.taskdefs.optional.junit.JUnitTestRunner.launch(JUnitTestRunner.java:1179)
	at org.apache.tools.ant.taskdefs.optional.junit.JUnitTestRunner.main(JUnitTestRunner.java:1030)
Nested exception: 
java.io.FileNotFoundException: src/dump_7707164985894485124.xml (No such file or directory)
	at java.io.FileInputStream.open(Native Method)
	at java.io.FileInputStream.<init>(FileInputStream.java:120)
	at org.dom4j.io.SAXReader.read(SAXReader.java:243)
	at com.nq.auto.AutoMain.getAllLeafNode(AutoMain.java:757)
	at com.nq.auto.test.TestAutoMain.testGetAllNodes(TestAutoMain.java:109)
	at sun.reflect.NativeMethodAccessorImpl.invoke0(Native Method)
	at sun.reflect.NativeMethodAccessorImpl.invoke(NativeMethodAccessorImpl.java:39)
	at sun.reflect.DelegatingMethodAccessorImpl.invoke(DelegatingMethodAccessorImpl.java:25)
	at java.lang.reflect.Method.invoke(Method.java:597)
	at junit.framework.TestCase.runTest(TestCase.java:168)
	at junit.framework.TestCase.runBare(TestCase.java:134)
	at junit.framework.TestResult$1.protect(TestResult.java:110)
	at junit.framework.TestResult.runProtected(TestResult.java:128)
	at junit.framework.TestResult.run(TestResult.java:113)
	at junit.framework.TestCase.run(TestCase.java:124)
	at junit.framework.TestSuite.runTest(TestSuite.java:232)
	at junit.framework.TestSuite.run(TestSuite.java:227)
	at org.apache.tools.ant.taskdefs.optional.junit.JUnitTestRunner.run(JUnitTestRunner.java:532)
	at org.apache.tools.ant.taskdefs.optional.junit.JUnitTestRunner.launch(JUnitTestRunner.java:1179)
	at org.apache.tools.ant.taskdefs.optional.junit.JUnitTestRunner.main(JUnitTestRunner.java:1030)
Nested exception: java.io.FileNotFoundException: src/dump_7707164985894485124.xml (No such file or directory)
	at java.io.FileInputStream.open(Native Method)
	at java.io.FileInputStream.<init>(FileInputStream.java:120)
	at org.dom4j.io.SAXReader.read(SAXReader.java:243)
	at com.nq.auto.AutoMain.getAllLeafNode(AutoMain.java:757)
	at com.nq.auto.test.TestAutoMain.testGetAllNodes(TestAutoMain.java:109)
	at sun.reflect.NativeMethodAccessorImpl.invoke0(Native Method)
	at sun.reflect.NativeMethodAccessorImpl.invoke(NativeMethodAccessorImpl.java:39)
	at sun.reflect.DelegatingMethodAccessorImpl.invoke(DelegatingMethodAccessorImpl.java:25)
	at java.lang.reflect.Method.invoke(Method.java:597)
	at junit.framework.TestCase.runTest(TestCase.java:168)
	at junit.framework.TestCase.runBare(TestCase.java:134)
	at junit.framework.TestResult$1.protect(TestResult.java:110)
	at junit.framework.TestResult.runProtected(TestResult.java:128)
	at junit.framework.TestResult.run(TestResult.java:113)
	at junit.framework.TestCase.run(TestCase.java:124)
	at junit.framework.TestSuite.runTest(TestSuite.java:232)
	at junit.framework.TestSuite.run(TestSuite.java:227)
	at org.apache.tools.ant.taskdefs.optional.junit.JUnitTestRunner.run(JUnitTestRunner.java:532)
	at org.apache.tools.ant.taskdefs.optional.junit.JUnitTestRunner.launch(JUnitTestRunner.java:1179)
	at org.apache.tools.ant.taskdefs.optional.junit.JUnitTestRunner.main(JUnitTestRunner.java:1030)
org.dom4j.DocumentException: src/dump_3037321996356545826.xml (No such file or directory) Nested exception: src/dump_3037321996356545826.xml (No such file or directory)
	at org.dom4j.io.SAXReader.read(SAXReader.java:266)
	at com.nq.auto.AutoMain.getAllNode(AutoMain.java:781)
	at com.nq.auto.test.TestAutoMain.testGetAllXmlNodes(TestAutoMain.java:227)
	at sun.reflect.NativeMethodAccessorImpl.invoke0(Native Method)
	at sun.reflect.NativeMethodAccessorImpl.invoke(NativeMethodAccessorImpl.java:39)
	at sun.reflect.DelegatingMethodAccessorImpl.invoke(DelegatingMethodAccessorImpl.java:25)
	at java.lang.reflect.Method.invoke(Method.java:597)
	at junit.framework.TestCase.runTest(TestCase.java:168)
	at junit.framework.TestCase.runBare(TestCase.java:134)
	at junit.framework.TestResult$1.protect(TestResult.java:110)
	at junit.framework.TestResult.runProtected(TestResult.java:128)
	at junit.framework.TestResult.run(TestResult.java:113)
	at junit.framework.TestCase.run(TestCase.java:124)
	at junit.framework.TestSuite.runTest(TestSuite.java:232)
	at junit.framework.TestSuite.run(TestSuite.java:227)
	at org.apache.tools.ant.taskdefs.optional.junit.JUnitTestRunner.run(JUnitTestRunner.java:532)
	at org.apache.tools.ant.taskdefs.optional.junit.JUnitTestRunner.launch(JUnitTestRunner.java:1179)
	at org.apache.tools.ant.taskdefs.optional.junit.JUnitTestRunner.main(JUnitTestRunner.java:1030)
Nested exception: 
java.io.FileNotFoundException: src/dump_3037321996356545826.xml (No such file or directory)
	at java.io.FileInputStream.open(Native Method)
	at java.io.FileInputStream.<init>(FileInputStream.java:120)
	at org.dom4j.io.SAXReader.read(SAXReader.java:243)
	at com.nq.auto.AutoMain.getAllNode(AutoMain.java:781)
	at com.nq.auto.test.TestAutoMain.testGetAllXmlNodes(TestAutoMain.java:227)
	at sun.reflect.NativeMethodAccessorImpl.invoke0(Native Method)
	at sun.reflect.NativeMethodAccessorImpl.invoke(NativeMethodAccessorImpl.java:39)
	at sun.reflect.DelegatingMethodAccessorImpl.invoke(DelegatingMethodAccessorImpl.java:25)
	at java.lang.reflect.Method.invoke(Method.java:597)
	at junit.framework.TestCase.runTest(TestCase.java:168)
	at junit.framework.TestCase.runBare(TestCase.java:134)
	at junit.framework.TestResult$1.protect(TestResult.java:110)
	at junit.framework.TestResult.runProtected(TestResult.java:128)
	at junit.framework.TestResult.run(TestResult.java:113)
	at junit.framework.TestCase.run(TestCase.java:124)
	at junit.framework.TestSuite.runTest(TestSuite.java:232)
	at junit.framework.TestSuite.run(TestSuite.java:227)
	at org.apache.tools.ant.taskdefs.optional.junit.JUnitTestRunner.run(JUnitTestRunner.java:532)
	at org.apache.tools.ant.taskdefs.optional.junit.JUnitTestRunner.launch(JUnitTestRunner.java:1179)
	at org.apache.tools.ant.taskdefs.optional.junit.JUnitTestRunner.main(JUnitTestRunner.java:1030)
Nested exception: java.io.FileNotFoundException: src/dump_3037321996356545826.xml (No such file or directory)
	at java.io.FileInputStream.open(Native Method)
	at java.io.FileInputStream.<init>(FileInputStream.java:120)
	at org.dom4j.io.SAXReader.read(SAXReader.java:243)
	at com.nq.auto.AutoMain.getAllNode(AutoMain.java:781)
	at com.nq.auto.test.TestAutoMain.testGetAllXmlNodes(TestAutoMain.java:227)
	at sun.reflect.NativeMethodAccessorImpl.invoke0(Native Method)
	at sun.reflect.NativeMethodAccessorImpl.invoke(NativeMethodAccessorImpl.java:39)
	at sun.reflect.DelegatingMethodAccessorImpl.invoke(DelegatingMethodAccessorImpl.java:25)
	at java.lang.reflect.Method.invoke(Method.java:597)
	at junit.framework.TestCase.runTest(TestCase.java:168)
	at junit.framework.TestCase.runBare(TestCase.java:134)
	at junit.framework.TestResult$1.protect(TestResult.java:110)
	at junit.framework.TestResult.runProtected(TestResult.java:128)
	at junit.framework.TestResult.run(TestResult.java:113)
	at junit.framework.TestCase.run(TestCase.java:124)
	at junit.framework.TestSuite.runTest(TestSuite.java:232)
	at junit.framework.TestSuite.run(TestSuite.java:227)
	at org.apache.tools.ant.taskdefs.optional.junit.JUnitTestRunner.run(JUnitTestRunner.java:532)
	at org.apache.tools.ant.taskdefs.optional.junit.JUnitTestRunner.launch(JUnitTestRunner.java:1179)
	at org.apache.tools.ant.taskdefs.optional.junit.JUnitTestRunner.main(JUnitTestRunner.java:1030)
]]></system-err>
</testsuite>
